  debug.cpp
  image_png.cpp
  keyboard.cpp
  mouse.cpp
  NFont.cpp
  sound.cpp
  sprites.cpp
  stb_vorbis.cpp
  video.cpp
  GraphicManager.cpp
C:\Users\1002245\OneDrive - Computer Vision Center\MP\Curs2020-21\Repositori\Practica\intro_segona entrega_AmbSolucio\Segona entrega\0. C++ Code\Logic Game\GraphicManager.cpp(28,37): warning C4244: 'argumento': conversión de 'float' a 'int'; posible pérdida de datos
C:\Users\1002245\OneDrive - Computer Vision Center\MP\Curs2020-21\Repositori\Practica\intro_segona entrega_AmbSolucio\Segona entrega\0. C++ Code\Logic Game\GraphicManager.cpp(28,31): warning C4244: 'argumento': conversión de 'float' a 'int'; posible pérdida de datos
  main.cpp
C:\Users\1002245\OneDrive - Computer Vision Center\MP\Curs2020-21\Repositori\Practica\intro_segona entrega_AmbSolucio\Segona entrega\0. C++ Code\Logic Game\Scrabble_Defs.h(27,45): warning C4244: 'inicializando': conversión de 'double' a 'int'; posible pérdida de datos
  Board.cpp
C:\Users\1002245\OneDrive - Computer Vision Center\MP\Curs2020-21\Repositori\Practica\intro_segona entrega_AmbSolucio\Segona entrega\0. C++ Code\Logic Game\Scrabble_Defs.h(27,45): warning C4244: 'inicializando': conversión de 'double' a 'int'; posible pérdida de datos
C:\Users\1002245\OneDrive - Computer Vision Center\MP\Curs2020-21\Repositori\Practica\intro_segona entrega_AmbSolucio\Segona entrega\0. C++ Code\Logic Game\Scrabble\Board.cpp(68,23): warning C4018: '<': no coinciden signed/unsigned
C:\Users\1002245\OneDrive - Computer Vision Center\MP\Curs2020-21\Repositori\Practica\intro_segona entrega_AmbSolucio\Segona entrega\0. C++ Code\Logic Game\Scrabble\Board.cpp(114,23): warning C4018: '<': no coinciden signed/unsigned
C:\Users\1002245\OneDrive - Computer Vision Center\MP\Curs2020-21\Repositori\Practica\intro_segona entrega_AmbSolucio\Segona entrega\0. C++ Code\Logic Game\Scrabble\Board.cpp(125,23): warning C4018: '<': no coinciden signed/unsigned
C:\Users\1002245\OneDrive - Computer Vision Center\MP\Curs2020-21\Repositori\Practica\intro_segona entrega_AmbSolucio\Segona entrega\0. C++ Code\Logic Game\Scrabble\Board.cpp(164,27): warning C4018: '<': no coinciden signed/unsigned
  Button.cpp
  Cell.cpp
C:\Users\1002245\OneDrive - Computer Vision Center\MP\Curs2020-21\Repositori\Practica\intro_segona entrega_AmbSolucio\Segona entrega\0. C++ Code\Logic Game\Scrabble\Cell.cpp(24,50): warning C4244: 'argumento': conversión de 'int' a 'float'; posible pérdida de datos
C:\Users\1002245\OneDrive - Computer Vision Center\MP\Curs2020-21\Repositori\Practica\intro_segona entrega_AmbSolucio\Segona entrega\0. C++ Code\Logic Game\Scrabble\Cell.cpp(24,43): warning C4244: 'argumento': conversión de 'int' a 'float'; posible pérdida de datos
  Dictionary.cpp
  ScrabbleGame.cpp
C:\Users\1002245\OneDrive - Computer Vision Center\MP\Curs2020-21\Repositori\Practica\intro_segona entrega_AmbSolucio\Segona entrega\0. C++ Code\Logic Game\Scrabble_Defs.h(27,45): warning C4244: 'inicializando': conversión de 'double' a 'int'; posible pérdida de datos
C:\Users\1002245\OneDrive - Computer Vision Center\MP\Curs2020-21\Repositori\Practica\intro_segona entrega_AmbSolucio\Segona entrega\0. C++ Code\Logic Game\Scrabble\ScrabbleGame.cpp(248,73): warning C4305: 'argumento': truncamiento de 'double' a 'float'
C:\Users\1002245\OneDrive - Computer Vision Center\MP\Curs2020-21\Repositori\Practica\intro_segona entrega_AmbSolucio\Segona entrega\0. C++ Code\Logic Game\Scrabble\ScrabbleGame.cpp(252,16): warning C4244: 'inicializando': conversión de 'double' a 'int'; posible pérdida de datos
C:\Users\1002245\OneDrive - Computer Vision Center\MP\Curs2020-21\Repositori\Practica\intro_segona entrega_AmbSolucio\Segona entrega\0. C++ Code\Logic Game\Scrabble\ScrabbleGame.cpp(255,83): warning C4244: 'argumento': conversión de 'int' a 'float'; posible pérdida de datos
C:\Users\1002245\OneDrive - Computer Vision Center\MP\Curs2020-21\Repositori\Practica\intro_segona entrega_AmbSolucio\Segona entrega\0. C++ Code\Logic Game\Scrabble\ScrabbleGame.cpp(255,72): warning C4244: 'argumento': conversión de 'int' a 'float'; posible pérdida de datos
C:\Users\1002245\OneDrive - Computer Vision Center\MP\Curs2020-21\Repositori\Practica\intro_segona entrega_AmbSolucio\Segona entrega\0. C++ Code\Logic Game\Scrabble\ScrabbleGame.cpp(258,82): warning C4244: 'argumento': conversión de 'int' a 'float'; posible pérdida de datos
C:\Users\1002245\OneDrive - Computer Vision Center\MP\Curs2020-21\Repositori\Practica\intro_segona entrega_AmbSolucio\Segona entrega\0. C++ Code\Logic Game\Scrabble\ScrabbleGame.cpp(258,71): warning C4244: 'argumento': conversión de 'int' a 'float'; posible pérdida de datos
  Tile.cpp
  WordFinder.cpp
C:\Users\1002245\OneDrive - Computer Vision Center\MP\Curs2020-21\Repositori\Practica\intro_segona entrega_AmbSolucio\Segona entrega\0. C++ Code\Logic Game\Scrabble_Defs.h(27,45): warning C4244: 'inicializando': conversión de 'double' a 'int'; posible pérdida de datos
C:\Users\1002245\OneDrive - Computer Vision Center\MP\Curs2020-21\Repositori\Practica\intro_segona entrega_AmbSolucio\Segona entrega\0. C++ Code\Logic Game\Scrabble\WordFinder.cpp(19,34): warning C4018: '<': no coinciden signed/unsigned
  Generando código...
  SDL_FontCache.c
  MP_Practica.vcxproj -> C:\Users\1002245\OneDrive - Computer Vision Center\MP\Curs2020-21\Repositori\Practica\intro_segona entrega_AmbSolucio\Segona entrega\2. Platforms\0. Windows Desktop\Program\MP_Practica.exe
