  debug.cpp
  image_png.cpp
  keyboard.cpp
  mouse.cpp
  NFont.cpp
C:\Users\Enric Vergara\Desktop\MP20-21\Practica\0. C++ Code\Graphic Lib\NFont\NFont.cpp(382,8): warning C4244:  'inicializando': conversión de 'const int' a 'float'; posible pérdida de datos
C:\Users\Enric Vergara\Desktop\MP20-21\Practica\0. C++ Code\Graphic Lib\NFont\NFont.cpp(382,19): warning C4244:  'inicializando': conversión de 'const int' a 'float'; posible pérdida de datos
C:\Users\Enric Vergara\Desktop\MP20-21\Practica\0. C++ Code\Graphic Lib\NFont\NFont.cpp(382,30): warning C4244:  'inicializando': conversión de 'const int' a 'float'; posible pérdida de datos
  sound.cpp
  sprites.cpp
  stb_vorbis.cpp
  video.cpp
  joc.cpp
C:\Users\Enric Vergara\Desktop\MP20-21\Practica\0. C++ Code\Graphic Lib\NFont\NFont.cpp(382,41): warning C4244:  'inicializando': conversión de 'const int' a 'float'; posible pérdida de datos
C:\Users\Enric Vergara\Desktop\MP20-21\Practica\0. C++ Code\Logic Game\Scrabble\Board.h(34,43): warning C4244:  'inicializando': conversión de 'double' a 'int'; posible pérdida de datos
  main.cpp
  Board.cpp
C:\Users\Enric Vergara\Desktop\MP20-21\Practica\0. C++ Code\Logic Game\Scrabble\Player.h(23,49): warning C4244:  'inicializando': conversión de 'double' a 'int'; posible pérdida de datos
C:\Users\Enric Vergara\Desktop\MP20-21\Practica\0. C++ Code\Logic Game\Scrabble\Board.h(34,43): warning C4244:  'inicializando': conversión de 'double' a 'int'; posible pérdida de datos
C:\Users\Enric Vergara\Desktop\MP20-21\Practica\0. C++ Code\Logic Game\Scrabble\Board.cpp(101,23): warning C4018:  '<': no coinciden signed/unsigned
C:\Users\Enric Vergara\Desktop\MP20-21\Practica\0. C++ Code\Logic Game\Scrabble\Board.cpp(143,34): warning C4018:  '<': no coinciden signed/unsigned
C:\Users\Enric Vergara\Desktop\MP20-21\Practica\0. C++ Code\Logic Game\Scrabble\Board.cpp(227,23): warning C4018:  '<': no coinciden signed/unsigned
C:\Users\Enric Vergara\Desktop\MP20-21\Practica\0. C++ Code\Logic Game\Scrabble\Board.cpp(270,27): warning C4018:  '<': no coinciden signed/unsigned
C:\Users\Enric Vergara\Desktop\MP20-21\Practica\0. C++ Code\Logic Game\Scrabble\Board.cpp(281,27): warning C4018:  '<': no coinciden signed/unsigned
  Button.cpp
  Cell.cpp
  Dictionary.cpp
  LettersBag.cpp
C:\Users\Enric Vergara\Desktop\MP20-21\Practica\0. C++ Code\Logic Game\Scrabble\Board.cpp(321,27): warning C4018:  '<': no coinciden signed/unsigned
  Player.cpp
C:\Users\Enric Vergara\Desktop\MP20-21\Practica\0. C++ Code\Logic Game\Scrabble\LettersBag.cpp(48,27): warning C4018:  '<': no coinciden signed/unsigned
C:\Users\Enric Vergara\Desktop\MP20-21\Practica\0. C++ Code\Logic Game\Scrabble\Board.h(34,43): warning C4244:  'inicializando': conversión de 'double' a 'int'; posible pérdida de datos
C:\Users\Enric Vergara\Desktop\MP20-21\Practica\0. C++ Code\Logic Game\Scrabble\Player.h(23,49): warning C4244:  'inicializando': conversión de 'double' a 'int'; posible pérdida de datos
C:\Users\Enric Vergara\Desktop\MP20-21\Practica\0. C++ Code\Logic Game\Scrabble\Player.cpp(71,58): warning C4244:  'argumento': conversión de 'int' a 'float'; posible pérdida de datos
C:\Users\Enric Vergara\Desktop\MP20-21\Practica\0. C++ Code\Logic Game\Scrabble\Player.cpp(71,47): warning C4244:  'argumento': conversión de 'int' a 'float'; posible pérdida de datos
C:\Users\Enric Vergara\Desktop\MP20-21\Practica\0. C++ Code\Logic Game\Scrabble\Player.cpp(80,47): warning C4244:  'argumento': conversión de 'int' a 'float'; posible pérdida de datos
C:\Users\Enric Vergara\Desktop\MP20-21\Practica\0. C++ Code\Logic Game\Scrabble\Player.cpp(91,64): warning C4244:  'argumento': conversión de 'int' a 'float'; posible pérdida de datos
C:\Users\Enric Vergara\Desktop\MP20-21\Practica\0. C++ Code\Logic Game\Scrabble\Player.cpp(91,59): warning C4244:  'argumento': conversión de 'int' a 'float'; posible pérdida de datos
C:\Users\Enric Vergara\Desktop\MP20-21\Practica\0. C++ Code\Logic Game\Scrabble\Player.cpp(104,47): warning C4244:  'argumento': conversión de 'int' a 'float'; posible pérdida de datos
C:\Users\Enric Vergara\Desktop\MP20-21\Practica\0. C++ Code\Logic Game\Scrabble\Player.cpp(121,31): warning C4244:  'inicializando': conversión de 'float' a 'int'; posible pérdida de datos
  PlayerTile.cpp
C:\Users\Enric Vergara\Desktop\MP20-21\Practica\0. C++ Code\Logic Game\Scrabble\Player.cpp(122,31): warning C4244:  'inicializando': conversión de 'float' a 'int'; posible pérdida de datos
C:\Users\Enric Vergara\Desktop\MP20-21\Practica\0. C++ Code\Logic Game\Scrabble\Board.h(34,43): warning C4244:  'inicializando': conversión de 'double' a 'int'; posible pérdida de datos
C:\Users\Enric Vergara\Desktop\MP20-21\Practica\0. C++ Code\Logic Game\Scrabble\PlayerTile.cpp(23,55): warning C4244:  'argumento': conversión de 'float' a 'int'; posible pérdida de datos
  ScrabbleGame.cpp
C:\Users\Enric Vergara\Desktop\MP20-21\Practica\0. C++ Code\Logic Game\Scrabble\PlayerTile.cpp(23,46): warning C4244:  'argumento': conversión de 'float' a 'int'; posible pérdida de datos
C:\Users\Enric Vergara\Desktop\MP20-21\Practica\0. C++ Code\Logic Game\Scrabble\Board.h(34,43): warning C4244:  'inicializando': conversión de 'double' a 'int'; posible pérdida de datos
C:\Users\Enric Vergara\Desktop\MP20-21\Practica\0. C++ Code\Logic Game\Scrabble\Player.h(23,49): warning C4244:  'inicializando': conversión de 'double' a 'int'; posible pérdida de datos
C:\Users\Enric Vergara\Desktop\MP20-21\Practica\0. C++ Code\Logic Game\Scrabble\ScrabbleGame.cpp(26,84): warning C4244:  'argumento': conversión de 'double' a 'int'; posible pérdida de datos
C:\Users\Enric Vergara\Desktop\MP20-21\Practica\0. C++ Code\Logic Game\Scrabble\ScrabbleGame.cpp(31,64): warning C4244:  'argumento': conversión de 'double' a 'int'; posible pérdida de datos
C:\Users\Enric Vergara\Desktop\MP20-21\Practica\0. C++ Code\Logic Game\Scrabble\ScrabbleGame.cpp(36,36): warning C4244:  'argumento': conversión de 'double' a 'int'; posible pérdida de datos
C:\Users\Enric Vergara\Desktop\MP20-21\Practica\0. C++ Code\Logic Game\Scrabble\ScrabbleGame.cpp(41,36): warning C4244:  'argumento': conversión de 'double' a 'int'; posible pérdida de datos
C:\Users\Enric Vergara\Desktop\MP20-21\Practica\0. C++ Code\Logic Game\Scrabble\ScrabbleGame.cpp(125,66): warning C4305:  'argumento': truncamiento de 'double' a 'float'
C:\Users\Enric Vergara\Desktop\MP20-21\Practica\0. C++ Code\Logic Game\Scrabble\ScrabbleGame.cpp(126,22): warning C4244:  'inicializando': conversión de 'float' a 'int'; posible pérdida de datos
C:\Users\Enric Vergara\Desktop\MP20-21\Practica\0. C++ Code\Logic Game\Scrabble\ScrabbleGame.cpp(127,65): warning C4305:  'argumento': truncamiento de 'double' a 'float'
C:\Users\Enric Vergara\Desktop\MP20-21\Practica\0. C++ Code\Logic Game\Scrabble\ScrabbleGame.cpp(127,32): warning C4244:  'argumento': conversión de 'int' a 'float'; posible pérdida de datos
C:\Users\Enric Vergara\Desktop\MP20-21\Practica\0. C++ Code\Logic Game\Scrabble\ScrabbleGame.cpp(128,63): warning C4305:  'argumento': truncamiento de 'double' a 'float'
C:\Users\Enric Vergara\Desktop\MP20-21\Practica\0. C++ Code\Logic Game\Scrabble\ScrabbleGame.cpp(128,30): warning C4244:  'argumento': conversión de 'int' a 'float'; posible pérdida de datos
C:\Users\Enric Vergara\Desktop\MP20-21\Practica\0. C++ Code\Logic Game\Scrabble\ScrabbleGame.cpp(132,72): warning C4305:  'argumento': truncamiento de 'double' a 'float'
C:\Users\Enric Vergara\Desktop\MP20-21\Practica\0. C++ Code\Logic Game\Scrabble\ScrabbleGame.cpp(132,50): warning C4244:  'argumento': conversión de 'int' a 'float'; posible pérdida de datos
C:\Users\Enric Vergara\Desktop\MP20-21\Practica\0. C++ Code\Logic Game\Scrabble\ScrabbleGame.cpp(133,23): warning C4244:  '+=': conversión de 'float' a 'int'; posible pérdida de datos
C:\Users\Enric Vergara\Desktop\MP20-21\Practica\0. C++ Code\Logic Game\Scrabble\ScrabbleGame.cpp(137,66): warning C4305:  'argumento': truncamiento de 'double' a 'float'
  Tile.cpp
  Generando código...
  Compilando...
  TileRenderer.cpp
  Generando código...
C:\Users\Enric Vergara\Desktop\MP20-21\Practica\0. C++ Code\Logic Game\Scrabble\ScrabbleGame.cpp(137,44): warning C4244:  'argumento': conversión de 'int' a 'float'; posible pérdida de datos
  SDL_FontCache.c
C:\Users\Enric Vergara\Desktop\MP20-21\Practica\0. C++ Code\Graphic Lib\NFont\SDL_FontCache.c(234,1): warning C4244:  'inicializando': conversión de 'float' a 'int'; posible pérdida de datos
C:\Users\Enric Vergara\Desktop\MP20-21\Practica\0. C++ Code\Graphic Lib\NFont\SDL_FontCache.c(614,25): warning C4244:  '=': conversión de 'int' a 'float'; posible pérdida de datos
C:\Users\Enric Vergara\Desktop\MP20-21\Practica\0. C++ Code\Graphic Lib\NFont\SDL_FontCache.c(615,25): warning C4244:  '=': conversión de 'int' a 'float'; posible pérdida de datos
C:\Users\Enric Vergara\Desktop\MP20-21\Practica\0. C++ Code\Graphic Lib\NFont\SDL_FontCache.c(616,34): warning C4244:  '=': conversión de 'int' a 'float'; posible pérdida de datos
C:\Users\Enric Vergara\Desktop\MP20-21\Practica\0. C++ Code\Graphic Lib\NFont\SDL_FontCache.c(617,34): warning C4244:  '=': conversión de 'int' a 'float'; posible pérdida de datos
C:\Users\Enric Vergara\Desktop\MP20-21\Practica\0. C++ Code\Graphic Lib\NFont\SDL_FontCache.c(619,1): warning C4244:  'inicializando': conversión de 'float' a 'int'; posible pérdida de datos
C:\Users\Enric Vergara\Desktop\MP20-21\Practica\0. C++ Code\Graphic Lib\NFont\SDL_FontCache.c(631,12): warning C4244:  '=': conversión de 'int' a 'float'; posible pérdida de datos
C:\Users\Enric Vergara\Desktop\MP20-21\Practica\0. C++ Code\Graphic Lib\NFont\SDL_FontCache.c(633,12): warning C4244:  '=': conversión de 'int' a 'float'; posible pérdida de datos
C:\Users\Enric Vergara\Desktop\MP20-21\Practica\0. C++ Code\Graphic Lib\NFont\SDL_FontCache.c(637,17): warning C4244:  '=': conversión de 'float' a 'int'; posible pérdida de datos
C:\Users\Enric Vergara\Desktop\MP20-21\Practica\0. C++ Code\Graphic Lib\NFont\SDL_FontCache.c(640,46): warning C4244:  '=': conversión de 'float' a 'int'; posible pérdida de datos
C:\Users\Enric Vergara\Desktop\MP20-21\Practica\0. C++ Code\Graphic Lib\NFont\SDL_FontCache.c(643,12): warning C4244:  '=': conversión de 'int' a 'float'; posible pérdida de datos
C:\Users\Enric Vergara\Desktop\MP20-21\Practica\0. C++ Code\Graphic Lib\NFont\SDL_FontCache.c(645,12): warning C4244:  '=': conversión de 'int' a 'float'; posible pérdida de datos
C:\Users\Enric Vergara\Desktop\MP20-21\Practica\0. C++ Code\Graphic Lib\NFont\SDL_FontCache.c(649,17): warning C4244:  '=': conversión de 'float' a 'int'; posible pérdida de datos
C:\Users\Enric Vergara\Desktop\MP20-21\Practica\0. C++ Code\Graphic Lib\NFont\SDL_FontCache.c(652,46): warning C4244:  '=': conversión de 'float' a 'int'; posible pérdida de datos
C:\Users\Enric Vergara\Desktop\MP20-21\Practica\0. C++ Code\Graphic Lib\NFont\SDL_FontCache.c(702,17): warning C4244:  '=': conversión de 'float' a 'int'; posible pérdida de datos
C:\Users\Enric Vergara\Desktop\MP20-21\Practica\0. C++ Code\Graphic Lib\NFont\SDL_FontCache.c(703,17): warning C4244:  '=': conversión de 'float' a 'int'; posible pérdida de datos
C:\Users\Enric Vergara\Desktop\MP20-21\Practica\0. C++ Code\Graphic Lib\NFont\SDL_FontCache.c(704,17): warning C4244:  '=': conversión de 'float' a 'int'; posible pérdida de datos
C:\Users\Enric Vergara\Desktop\MP20-21\Practica\0. C++ Code\Graphic Lib\NFont\SDL_FontCache.c(705,17): warning C4244:  '=': conversión de 'float' a 'int'; posible pérdida de datos
C:\Users\Enric Vergara\Desktop\MP20-21\Practica\0. C++ Code\Graphic Lib\NFont\SDL_FontCache.c(1558,29): warning C4244:  '=': conversión de 'int' a 'float'; posible pérdida de datos
C:\Users\Enric Vergara\Desktop\MP20-21\Practica\0. C++ Code\Graphic Lib\NFont\SDL_FontCache.c(1552,1): warning C4244:  'inicializando': conversión de 'float' a 'int'; posible pérdida de datos
C:\Users\Enric Vergara\Desktop\MP20-21\Practica\0. C++ Code\Graphic Lib\NFont\SDL_FontCache.c(1835,41): warning C4244:  'función': conversión de 'int' a 'float'; posible pérdida de datos
C:\Users\Enric Vergara\Desktop\MP20-21\Practica\0. C++ Code\Graphic Lib\NFont\SDL_FontCache.c(1835,44): warning C4244:  'función': conversión de 'int' a 'float'; posible pérdida de datos
C:\Users\Enric Vergara\Desktop\MP20-21\Practica\0. C++ Code\Graphic Lib\NFont\SDL_FontCache.c(1848,33): warning C4244:  'función': conversión de 'int' a 'float'; posible pérdida de datos
C:\Users\Enric Vergara\Desktop\MP20-21\Practica\0. C++ Code\Graphic Lib\NFont\SDL_FontCache.c(1848,40): warning C4244:  'función': conversión de 'int' a 'float'; posible pérdida de datos
C:\Users\Enric Vergara\Desktop\MP20-21\Practica\0. C++ Code\Graphic Lib\NFont\SDL_FontCache.c(1880,33): warning C4244:  'función': conversión de 'int' a 'float'; posible pérdida de datos
C:\Users\Enric Vergara\Desktop\MP20-21\Practica\0. C++ Code\Graphic Lib\NFont\SDL_FontCache.c(1880,40): warning C4244:  'función': conversión de 'int' a 'float'; posible pérdida de datos
C:\Users\Enric Vergara\Desktop\MP20-21\Practica\0. C++ Code\Graphic Lib\NFont\SDL_FontCache.c(1911,33): warning C4244:  'función': conversión de 'int' a 'float'; posible pérdida de datos
C:\Users\Enric Vergara\Desktop\MP20-21\Practica\0. C++ Code\Graphic Lib\NFont\SDL_FontCache.c(1911,40): warning C4244:  'función': conversión de 'int' a 'float'; posible pérdida de datos
C:\Users\Enric Vergara\Desktop\MP20-21\Practica\0. C++ Code\Graphic Lib\NFont\SDL_FontCache.c(1942,33): warning C4244:  'función': conversión de 'int' a 'float'; posible pérdida de datos
C:\Users\Enric Vergara\Desktop\MP20-21\Practica\0. C++ Code\Graphic Lib\NFont\SDL_FontCache.c(1942,40): warning C4244:  'función': conversión de 'int' a 'float'; posible pérdida de datos
C:\Users\Enric Vergara\Desktop\MP20-21\Practica\0. C++ Code\Graphic Lib\NFont\SDL_FontCache.c(1973,33): warning C4244:  'función': conversión de 'int' a 'float'; posible pérdida de datos
C:\Users\Enric Vergara\Desktop\MP20-21\Practica\0. C++ Code\Graphic Lib\NFont\SDL_FontCache.c(1973,40): warning C4244:  'función': conversión de 'int' a 'float'; posible pérdida de datos
C:\Users\Enric Vergara\Desktop\MP20-21\Practica\0. C++ Code\Graphic Lib\NFont\SDL_FontCache.c(2014,29): warning C4244:  'función': conversión de 'int' a 'float'; posible pérdida de datos
C:\Users\Enric Vergara\Desktop\MP20-21\Practica\0. C++ Code\Graphic Lib\NFont\SDL_FontCache.c(2014,36): warning C4244:  'función': conversión de 'int' a 'float'; posible pérdida de datos
C:\Users\Enric Vergara\Desktop\MP20-21\Practica\0. C++ Code\Graphic Lib\NFont\SDL_FontCache.c(2014,57): warning C4244:  'función': conversión de 'int' a 'float'; posible pérdida de datos
C:\Users\Enric Vergara\Desktop\MP20-21\Practica\0. C++ Code\Graphic Lib\NFont\SDL_FontCache.c(2002,1): warning C4244:  'inicializando': conversión de 'float' a 'int'; posible pérdida de datos
C:\Users\Enric Vergara\Desktop\MP20-21\Practica\0. C++ Code\Graphic Lib\NFont\SDL_FontCache.c(2043,29): warning C4244:  'función': conversión de 'int' a 'float'; posible pérdida de datos
C:\Users\Enric Vergara\Desktop\MP20-21\Practica\0. C++ Code\Graphic Lib\NFont\SDL_FontCache.c(2043,36): warning C4244:  'función': conversión de 'int' a 'float'; posible pérdida de datos
C:\Users\Enric Vergara\Desktop\MP20-21\Practica\0. C++ Code\Graphic Lib\NFont\SDL_FontCache.c(2043,57): warning C4244:  'función': conversión de 'int' a 'float'; posible pérdida de datos
C:\Users\Enric Vergara\Desktop\MP20-21\Practica\0. C++ Code\Graphic Lib\NFont\SDL_FontCache.c(2019,1): warning C4244:  'inicializando': conversión de 'float' a 'int'; posible pérdida de datos
C:\Users\Enric Vergara\Desktop\MP20-21\Practica\0. C++ Code\Graphic Lib\NFont\SDL_FontCache.c(2060,29): warning C4244:  'función': conversión de 'int' a 'float'; posible pérdida de datos
C:\Users\Enric Vergara\Desktop\MP20-21\Practica\0. C++ Code\Graphic Lib\NFont\SDL_FontCache.c(2060,36): warning C4244:  'función': conversión de 'int' a 'float'; posible pérdida de datos
C:\Users\Enric Vergara\Desktop\MP20-21\Practica\0. C++ Code\Graphic Lib\NFont\SDL_FontCache.c(2060,57): warning C4244:  'función': conversión de 'int' a 'float'; posible pérdida de datos
C:\Users\Enric Vergara\Desktop\MP20-21\Practica\0. C++ Code\Graphic Lib\NFont\SDL_FontCache.c(2048,1): warning C4244:  'inicializando': conversión de 'float' a 'int'; posible pérdida de datos
C:\Users\Enric Vergara\Desktop\MP20-21\Practica\0. C++ Code\Graphic Lib\NFont\SDL_FontCache.c(2077,29): warning C4244:  'función': conversión de 'int' a 'float'; posible pérdida de datos
C:\Users\Enric Vergara\Desktop\MP20-21\Practica\0. C++ Code\Graphic Lib\NFont\SDL_FontCache.c(2077,36): warning C4244:  'función': conversión de 'int' a 'float'; posible pérdida de datos
C:\Users\Enric Vergara\Desktop\MP20-21\Practica\0. C++ Code\Graphic Lib\NFont\SDL_FontCache.c(2077,57): warning C4244:  'función': conversión de 'int' a 'float'; posible pérdida de datos
C:\Users\Enric Vergara\Desktop\MP20-21\Practica\0. C++ Code\Graphic Lib\NFont\SDL_FontCache.c(2065,1): warning C4244:  'inicializando': conversión de 'float' a 'int'; posible pérdida de datos
C:\Users\Enric Vergara\Desktop\MP20-21\Practica\0. C++ Code\Graphic Lib\NFont\SDL_FontCache.c(2106,29): warning C4244:  'función': conversión de 'int' a 'float'; posible pérdida de datos
C:\Users\Enric Vergara\Desktop\MP20-21\Practica\0. C++ Code\Graphic Lib\NFont\SDL_FontCache.c(2106,36): warning C4244:  'función': conversión de 'int' a 'float'; posible pérdida de datos
C:\Users\Enric Vergara\Desktop\MP20-21\Practica\0. C++ Code\Graphic Lib\NFont\SDL_FontCache.c(2106,57): warning C4244:  'función': conversión de 'int' a 'float'; posible pérdida de datos
C:\Users\Enric Vergara\Desktop\MP20-21\Practica\0. C++ Code\Graphic Lib\NFont\SDL_FontCache.c(2082,1): warning C4244:  'inicializando': conversión de 'float' a 'int'; posible pérdida de datos
C:\Users\Enric Vergara\Desktop\MP20-21\Practica\0. C++ Code\Graphic Lib\NFont\SDL_FontCache.c(2111,1): warning C4244:  'inicializando': conversión de 'float' a 'int'; posible pérdida de datos
C:\Users\Enric Vergara\Desktop\MP20-21\Practica\0. C++ Code\Graphic Lib\NFont\SDL_FontCache.c(2144,1): warning C4244:  'inicializando': conversión de 'float' a 'int'; posible pérdida de datos
C:\Users\Enric Vergara\Desktop\MP20-21\Practica\0. C++ Code\Graphic Lib\NFont\SDL_FontCache.c(2546,60): warning C4244:  '=': conversión de 'float' a 'int'; posible pérdida de datos
C:\Users\Enric Vergara\Desktop\MP20-21\Practica\0. C++ Code\Graphic Lib\NFont\SDL_FontCache.c(2547,61): warning C4244:  '=': conversión de 'float' a 'int'; posible pérdida de datos
C:\Users\Enric Vergara\Desktop\MP20-21\Practica\0. C++ Code\Graphic Lib\NFont\SDL_FontCache.c(2539,1): warning C4244:  'inicializando': conversión de 'float' a 'int'; posible pérdida de datos
C:\Users\Enric Vergara\Desktop\MP20-21\Practica\0. C++ Code\Graphic Lib\NFont\SDL_FontCache.c(2596,57): warning C4244:  'función': conversión de 'int' a 'float'; posible pérdida de datos
C:\Users\Enric Vergara\Desktop\MP20-21\Practica\0. C++ Code\Graphic Lib\NFont\SDL_FontCache.c(2596,68): warning C4244:  'función': conversión de 'int' a 'float'; posible pérdida de datos
C:\Users\Enric Vergara\Desktop\MP20-21\Practica\0. C++ Code\Graphic Lib\NFont\SDL_FontCache.c(2596,87): warning C4244:  'función': conversión de 'int' a 'float'; posible pérdida de datos
C:\Users\Enric Vergara\Desktop\MP20-21\Practica\0. C++ Code\Graphic Lib\NFont\SDL_FontCache.c(2596,106): warning C4244:  'función': conversión de 'int' a 'float'; posible pérdida de datos
  LetrisGame.vcxproj -> C:\Users\Enric Vergara\Desktop\MP20-21\Practica\2. Platforms\0. Windows Desktop\\Program\MP_Practica.exe
