  debug.cpp
  image_png.cpp
  keyboard.cpp
  mouse.cpp
  NFont.cpp
C:\Users\1002245\OneDrive - Computer Vision Center\MP\Curs2020-21\Repositori\Practica\intro_segona_entrega\Segona entrega\0. C++ Code\Graphic Lib\NFont\NFont.cpp(382,8): warning C4244: 'inicializando': conversión de 'const int' a 'float'; posible pérdida de datos
C:\Users\1002245\OneDrive - Computer Vision Center\MP\Curs2020-21\Repositori\Practica\intro_segona_entrega\Segona entrega\0. C++ Code\Graphic Lib\NFont\NFont.cpp(382,19): warning C4244: 'inicializando': conversión de 'const int' a 'float'; posible pérdida de datos
C:\Users\1002245\OneDrive - Computer Vision Center\MP\Curs2020-21\Repositori\Practica\intro_segona_entrega\Segona entrega\0. C++ Code\Graphic Lib\NFont\NFont.cpp(382,30): warning C4244: 'inicializando': conversión de 'const int' a 'float'; posible pérdida de datos
C:\Users\1002245\OneDrive - Computer Vision Center\MP\Curs2020-21\Repositori\Practica\intro_segona_entrega\Segona entrega\0. C++ Code\Graphic Lib\NFont\NFont.cpp(382,41): warning C4244: 'inicializando': conversión de 'const int' a 'float'; posible pérdida de datos
  sound.cpp
  sprites.cpp
  stb_vorbis.cpp
  video.cpp
  GraphicManager.cpp
C:\Users\1002245\OneDrive - Computer Vision Center\MP\Curs2020-21\Repositori\Practica\intro_segona_entrega\Segona entrega\0. C++ Code\Logic Game\GraphicManager.cpp(28,37): warning C4244: 'argumento': conversión de 'float' a 'int'; posible pérdida de datos
C:\Users\1002245\OneDrive - Computer Vision Center\MP\Curs2020-21\Repositori\Practica\intro_segona_entrega\Segona entrega\0. C++ Code\Logic Game\GraphicManager.cpp(28,31): warning C4244: 'argumento': conversión de 'float' a 'int'; posible pérdida de datos
  main.cpp
C:\Users\1002245\OneDrive - Computer Vision Center\MP\Curs2020-21\Repositori\Practica\intro_segona_entrega\Segona entrega\0. C++ Code\Logic Game\Scrabble_Defs.h(27,45): warning C4244: 'inicializando': conversión de 'double' a 'int'; posible pérdida de datos
  Button.cpp
  ScrabbleGame.cpp
C:\Users\1002245\OneDrive - Computer Vision Center\MP\Curs2020-21\Repositori\Practica\intro_segona_entrega\Segona entrega\0. C++ Code\Logic Game\Scrabble_Defs.h(27,45): warning C4244: 'inicializando': conversión de 'double' a 'int'; posible pérdida de datos
  Generando código...
  SDL_FontCache.c
C:\Users\1002245\OneDrive - Computer Vision Center\MP\Curs2020-21\Repositori\Practica\intro_segona_entrega\Segona entrega\0. C++ Code\Graphic Lib\NFont\SDL_FontCache.c(234,1): warning C4244: 'inicializando': conversión de 'float' a 'int'; posible pérdida de datos
C:\Users\1002245\OneDrive - Computer Vision Center\MP\Curs2020-21\Repositori\Practica\intro_segona_entrega\Segona entrega\0. C++ Code\Graphic Lib\NFont\SDL_FontCache.c(614,25): warning C4244: '=': conversión de 'int' a 'float'; posible pérdida de datos
C:\Users\1002245\OneDrive - Computer Vision Center\MP\Curs2020-21\Repositori\Practica\intro_segona_entrega\Segona entrega\0. C++ Code\Graphic Lib\NFont\SDL_FontCache.c(615,25): warning C4244: '=': conversión de 'int' a 'float'; posible pérdida de datos
C:\Users\1002245\OneDrive - Computer Vision Center\MP\Curs2020-21\Repositori\Practica\intro_segona_entrega\Segona entrega\0. C++ Code\Graphic Lib\NFont\SDL_FontCache.c(616,34): warning C4244: '=': conversión de 'int' a 'float'; posible pérdida de datos
C:\Users\1002245\OneDrive - Computer Vision Center\MP\Curs2020-21\Repositori\Practica\intro_segona_entrega\Segona entrega\0. C++ Code\Graphic Lib\NFont\SDL_FontCache.c(617,34): warning C4244: '=': conversión de 'int' a 'float'; posible pérdida de datos
C:\Users\1002245\OneDrive - Computer Vision Center\MP\Curs2020-21\Repositori\Practica\intro_segona_entrega\Segona entrega\0. C++ Code\Graphic Lib\NFont\SDL_FontCache.c(619,1): warning C4244: 'inicializando': conversión de 'float' a 'int'; posible pérdida de datos
C:\Users\1002245\OneDrive - Computer Vision Center\MP\Curs2020-21\Repositori\Practica\intro_segona_entrega\Segona entrega\0. C++ Code\Graphic Lib\NFont\SDL_FontCache.c(631,12): warning C4244: '=': conversión de 'int' a 'float'; posible pérdida de datos
C:\Users\1002245\OneDrive - Computer Vision Center\MP\Curs2020-21\Repositori\Practica\intro_segona_entrega\Segona entrega\0. C++ Code\Graphic Lib\NFont\SDL_FontCache.c(633,12): warning C4244: '=': conversión de 'int' a 'float'; posible pérdida de datos
C:\Users\1002245\OneDrive - Computer Vision Center\MP\Curs2020-21\Repositori\Practica\intro_segona_entrega\Segona entrega\0. C++ Code\Graphic Lib\NFont\SDL_FontCache.c(637,17): warning C4244: '=': conversión de 'float' a 'int'; posible pérdida de datos
C:\Users\1002245\OneDrive - Computer Vision Center\MP\Curs2020-21\Repositori\Practica\intro_segona_entrega\Segona entrega\0. C++ Code\Graphic Lib\NFont\SDL_FontCache.c(640,46): warning C4244: '=': conversión de 'float' a 'int'; posible pérdida de datos
C:\Users\1002245\OneDrive - Computer Vision Center\MP\Curs2020-21\Repositori\Practica\intro_segona_entrega\Segona entrega\0. C++ Code\Graphic Lib\NFont\SDL_FontCache.c(643,12): warning C4244: '=': conversión de 'int' a 'float'; posible pérdida de datos
C:\Users\1002245\OneDrive - Computer Vision Center\MP\Curs2020-21\Repositori\Practica\intro_segona_entrega\Segona entrega\0. C++ Code\Graphic Lib\NFont\SDL_FontCache.c(645,12): warning C4244: '=': conversión de 'int' a 'float'; posible pérdida de datos
C:\Users\1002245\OneDrive - Computer Vision Center\MP\Curs2020-21\Repositori\Practica\intro_segona_entrega\Segona entrega\0. C++ Code\Graphic Lib\NFont\SDL_FontCache.c(649,17): warning C4244: '=': conversión de 'float' a 'int'; posible pérdida de datos
C:\Users\1002245\OneDrive - Computer Vision Center\MP\Curs2020-21\Repositori\Practica\intro_segona_entrega\Segona entrega\0. C++ Code\Graphic Lib\NFont\SDL_FontCache.c(652,46): warning C4244: '=': conversión de 'float' a 'int'; posible pérdida de datos
C:\Users\1002245\OneDrive - Computer Vision Center\MP\Curs2020-21\Repositori\Practica\intro_segona_entrega\Segona entrega\0. C++ Code\Graphic Lib\NFont\SDL_FontCache.c(702,17): warning C4244: '=': conversión de 'float' a 'int'; posible pérdida de datos
C:\Users\1002245\OneDrive - Computer Vision Center\MP\Curs2020-21\Repositori\Practica\intro_segona_entrega\Segona entrega\0. C++ Code\Graphic Lib\NFont\SDL_FontCache.c(703,17): warning C4244: '=': conversión de 'float' a 'int'; posible pérdida de datos
C:\Users\1002245\OneDrive - Computer Vision Center\MP\Curs2020-21\Repositori\Practica\intro_segona_entrega\Segona entrega\0. C++ Code\Graphic Lib\NFont\SDL_FontCache.c(704,17): warning C4244: '=': conversión de 'float' a 'int'; posible pérdida de datos
C:\Users\1002245\OneDrive - Computer Vision Center\MP\Curs2020-21\Repositori\Practica\intro_segona_entrega\Segona entrega\0. C++ Code\Graphic Lib\NFont\SDL_FontCache.c(705,17): warning C4244: '=': conversión de 'float' a 'int'; posible pérdida de datos
C:\Users\1002245\OneDrive - Computer Vision Center\MP\Curs2020-21\Repositori\Practica\intro_segona_entrega\Segona entrega\0. C++ Code\Graphic Lib\NFont\SDL_FontCache.c(1558,29): warning C4244: '=': conversión de 'int' a 'float'; posible pérdida de datos
C:\Users\1002245\OneDrive - Computer Vision Center\MP\Curs2020-21\Repositori\Practica\intro_segona_entrega\Segona entrega\0. C++ Code\Graphic Lib\NFont\SDL_FontCache.c(1552,1): warning C4244: 'inicializando': conversión de 'float' a 'int'; posible pérdida de datos
C:\Users\1002245\OneDrive - Computer Vision Center\MP\Curs2020-21\Repositori\Practica\intro_segona_entrega\Segona entrega\0. C++ Code\Graphic Lib\NFont\SDL_FontCache.c(1835,41): warning C4244: 'función': conversión de 'int' a 'float'; posible pérdida de datos
C:\Users\1002245\OneDrive - Computer Vision Center\MP\Curs2020-21\Repositori\Practica\intro_segona_entrega\Segona entrega\0. C++ Code\Graphic Lib\NFont\SDL_FontCache.c(1835,44): warning C4244: 'función': conversión de 'int' a 'float'; posible pérdida de datos
C:\Users\1002245\OneDrive - Computer Vision Center\MP\Curs2020-21\Repositori\Practica\intro_segona_entrega\Segona entrega\0. C++ Code\Graphic Lib\NFont\SDL_FontCache.c(1848,33): warning C4244: 'función': conversión de 'int' a 'float'; posible pérdida de datos
C:\Users\1002245\OneDrive - Computer Vision Center\MP\Curs2020-21\Repositori\Practica\intro_segona_entrega\Segona entrega\0. C++ Code\Graphic Lib\NFont\SDL_FontCache.c(1848,40): warning C4244: 'función': conversión de 'int' a 'float'; posible pérdida de datos
C:\Users\1002245\OneDrive - Computer Vision Center\MP\Curs2020-21\Repositori\Practica\intro_segona_entrega\Segona entrega\0. C++ Code\Graphic Lib\NFont\SDL_FontCache.c(1880,33): warning C4244: 'función': conversión de 'int' a 'float'; posible pérdida de datos
C:\Users\1002245\OneDrive - Computer Vision Center\MP\Curs2020-21\Repositori\Practica\intro_segona_entrega\Segona entrega\0. C++ Code\Graphic Lib\NFont\SDL_FontCache.c(1880,40): warning C4244: 'función': conversión de 'int' a 'float'; posible pérdida de datos
C:\Users\1002245\OneDrive - Computer Vision Center\MP\Curs2020-21\Repositori\Practica\intro_segona_entrega\Segona entrega\0. C++ Code\Graphic Lib\NFont\SDL_FontCache.c(1911,33): warning C4244: 'función': conversión de 'int' a 'float'; posible pérdida de datos
C:\Users\1002245\OneDrive - Computer Vision Center\MP\Curs2020-21\Repositori\Practica\intro_segona_entrega\Segona entrega\0. C++ Code\Graphic Lib\NFont\SDL_FontCache.c(1911,40): warning C4244: 'función': conversión de 'int' a 'float'; posible pérdida de datos
C:\Users\1002245\OneDrive - Computer Vision Center\MP\Curs2020-21\Repositori\Practica\intro_segona_entrega\Segona entrega\0. C++ Code\Graphic Lib\NFont\SDL_FontCache.c(1942,33): warning C4244: 'función': conversión de 'int' a 'float'; posible pérdida de datos
C:\Users\1002245\OneDrive - Computer Vision Center\MP\Curs2020-21\Repositori\Practica\intro_segona_entrega\Segona entrega\0. C++ Code\Graphic Lib\NFont\SDL_FontCache.c(1942,40): warning C4244: 'función': conversión de 'int' a 'float'; posible pérdida de datos
C:\Users\1002245\OneDrive - Computer Vision Center\MP\Curs2020-21\Repositori\Practica\intro_segona_entrega\Segona entrega\0. C++ Code\Graphic Lib\NFont\SDL_FontCache.c(1973,33): warning C4244: 'función': conversión de 'int' a 'float'; posible pérdida de datos
C:\Users\1002245\OneDrive - Computer Vision Center\MP\Curs2020-21\Repositori\Practica\intro_segona_entrega\Segona entrega\0. C++ Code\Graphic Lib\NFont\SDL_FontCache.c(1973,40): warning C4244: 'función': conversión de 'int' a 'float'; posible pérdida de datos
C:\Users\1002245\OneDrive - Computer Vision Center\MP\Curs2020-21\Repositori\Practica\intro_segona_entrega\Segona entrega\0. C++ Code\Graphic Lib\NFont\SDL_FontCache.c(2014,29): warning C4244: 'función': conversión de 'int' a 'float'; posible pérdida de datos
C:\Users\1002245\OneDrive - Computer Vision Center\MP\Curs2020-21\Repositori\Practica\intro_segona_entrega\Segona entrega\0. C++ Code\Graphic Lib\NFont\SDL_FontCache.c(2014,36): warning C4244: 'función': conversión de 'int' a 'float'; posible pérdida de datos
C:\Users\1002245\OneDrive - Computer Vision Center\MP\Curs2020-21\Repositori\Practica\intro_segona_entrega\Segona entrega\0. C++ Code\Graphic Lib\NFont\SDL_FontCache.c(2014,57): warning C4244: 'función': conversión de 'int' a 'float'; posible pérdida de datos
C:\Users\1002245\OneDrive - Computer Vision Center\MP\Curs2020-21\Repositori\Practica\intro_segona_entrega\Segona entrega\0. C++ Code\Graphic Lib\NFont\SDL_FontCache.c(2002,1): warning C4244: 'inicializando': conversión de 'float' a 'int'; posible pérdida de datos
C:\Users\1002245\OneDrive - Computer Vision Center\MP\Curs2020-21\Repositori\Practica\intro_segona_entrega\Segona entrega\0. C++ Code\Graphic Lib\NFont\SDL_FontCache.c(2043,29): warning C4244: 'función': conversión de 'int' a 'float'; posible pérdida de datos
C:\Users\1002245\OneDrive - Computer Vision Center\MP\Curs2020-21\Repositori\Practica\intro_segona_entrega\Segona entrega\0. C++ Code\Graphic Lib\NFont\SDL_FontCache.c(2043,36): warning C4244: 'función': conversión de 'int' a 'float'; posible pérdida de datos
C:\Users\1002245\OneDrive - Computer Vision Center\MP\Curs2020-21\Repositori\Practica\intro_segona_entrega\Segona entrega\0. C++ Code\Graphic Lib\NFont\SDL_FontCache.c(2043,57): warning C4244: 'función': conversión de 'int' a 'float'; posible pérdida de datos
C:\Users\1002245\OneDrive - Computer Vision Center\MP\Curs2020-21\Repositori\Practica\intro_segona_entrega\Segona entrega\0. C++ Code\Graphic Lib\NFont\SDL_FontCache.c(2019,1): warning C4244: 'inicializando': conversión de 'float' a 'int'; posible pérdida de datos
C:\Users\1002245\OneDrive - Computer Vision Center\MP\Curs2020-21\Repositori\Practica\intro_segona_entrega\Segona entrega\0. C++ Code\Graphic Lib\NFont\SDL_FontCache.c(2060,29): warning C4244: 'función': conversión de 'int' a 'float'; posible pérdida de datos
C:\Users\1002245\OneDrive - Computer Vision Center\MP\Curs2020-21\Repositori\Practica\intro_segona_entrega\Segona entrega\0. C++ Code\Graphic Lib\NFont\SDL_FontCache.c(2060,36): warning C4244: 'función': conversión de 'int' a 'float'; posible pérdida de datos
C:\Users\1002245\OneDrive - Computer Vision Center\MP\Curs2020-21\Repositori\Practica\intro_segona_entrega\Segona entrega\0. C++ Code\Graphic Lib\NFont\SDL_FontCache.c(2060,57): warning C4244: 'función': conversión de 'int' a 'float'; posible pérdida de datos
C:\Users\1002245\OneDrive - Computer Vision Center\MP\Curs2020-21\Repositori\Practica\intro_segona_entrega\Segona entrega\0. C++ Code\Graphic Lib\NFont\SDL_FontCache.c(2048,1): warning C4244: 'inicializando': conversión de 'float' a 'int'; posible pérdida de datos
C:\Users\1002245\OneDrive - Computer Vision Center\MP\Curs2020-21\Repositori\Practica\intro_segona_entrega\Segona entrega\0. C++ Code\Graphic Lib\NFont\SDL_FontCache.c(2077,29): warning C4244: 'función': conversión de 'int' a 'float'; posible pérdida de datos
C:\Users\1002245\OneDrive - Computer Vision Center\MP\Curs2020-21\Repositori\Practica\intro_segona_entrega\Segona entrega\0. C++ Code\Graphic Lib\NFont\SDL_FontCache.c(2077,36): warning C4244: 'función': conversión de 'int' a 'float'; posible pérdida de datos
C:\Users\1002245\OneDrive - Computer Vision Center\MP\Curs2020-21\Repositori\Practica\intro_segona_entrega\Segona entrega\0. C++ Code\Graphic Lib\NFont\SDL_FontCache.c(2077,57): warning C4244: 'función': conversión de 'int' a 'float'; posible pérdida de datos
C:\Users\1002245\OneDrive - Computer Vision Center\MP\Curs2020-21\Repositori\Practica\intro_segona_entrega\Segona entrega\0. C++ Code\Graphic Lib\NFont\SDL_FontCache.c(2065,1): warning C4244: 'inicializando': conversión de 'float' a 'int'; posible pérdida de datos
C:\Users\1002245\OneDrive - Computer Vision Center\MP\Curs2020-21\Repositori\Practica\intro_segona_entrega\Segona entrega\0. C++ Code\Graphic Lib\NFont\SDL_FontCache.c(2106,29): warning C4244: 'función': conversión de 'int' a 'float'; posible pérdida de datos
C:\Users\1002245\OneDrive - Computer Vision Center\MP\Curs2020-21\Repositori\Practica\intro_segona_entrega\Segona entrega\0. C++ Code\Graphic Lib\NFont\SDL_FontCache.c(2106,36): warning C4244: 'función': conversión de 'int' a 'float'; posible pérdida de datos
C:\Users\1002245\OneDrive - Computer Vision Center\MP\Curs2020-21\Repositori\Practica\intro_segona_entrega\Segona entrega\0. C++ Code\Graphic Lib\NFont\SDL_FontCache.c(2106,57): warning C4244: 'función': conversión de 'int' a 'float'; posible pérdida de datos
C:\Users\1002245\OneDrive - Computer Vision Center\MP\Curs2020-21\Repositori\Practica\intro_segona_entrega\Segona entrega\0. C++ Code\Graphic Lib\NFont\SDL_FontCache.c(2082,1): warning C4244: 'inicializando': conversión de 'float' a 'int'; posible pérdida de datos
C:\Users\1002245\OneDrive - Computer Vision Center\MP\Curs2020-21\Repositori\Practica\intro_segona_entrega\Segona entrega\0. C++ Code\Graphic Lib\NFont\SDL_FontCache.c(2111,1): warning C4244: 'inicializando': conversión de 'float' a 'int'; posible pérdida de datos
C:\Users\1002245\OneDrive - Computer Vision Center\MP\Curs2020-21\Repositori\Practica\intro_segona_entrega\Segona entrega\0. C++ Code\Graphic Lib\NFont\SDL_FontCache.c(2144,1): warning C4244: 'inicializando': conversión de 'float' a 'int'; posible pérdida de datos
C:\Users\1002245\OneDrive - Computer Vision Center\MP\Curs2020-21\Repositori\Practica\intro_segona_entrega\Segona entrega\0. C++ Code\Graphic Lib\NFont\SDL_FontCache.c(2546,60): warning C4244: '=': conversión de 'float' a 'int'; posible pérdida de datos
C:\Users\1002245\OneDrive - Computer Vision Center\MP\Curs2020-21\Repositori\Practica\intro_segona_entrega\Segona entrega\0. C++ Code\Graphic Lib\NFont\SDL_FontCache.c(2547,61): warning C4244: '=': conversión de 'float' a 'int'; posible pérdida de datos
C:\Users\1002245\OneDrive - Computer Vision Center\MP\Curs2020-21\Repositori\Practica\intro_segona_entrega\Segona entrega\0. C++ Code\Graphic Lib\NFont\SDL_FontCache.c(2539,1): warning C4244: 'inicializando': conversión de 'float' a 'int'; posible pérdida de datos
C:\Users\1002245\OneDrive - Computer Vision Center\MP\Curs2020-21\Repositori\Practica\intro_segona_entrega\Segona entrega\0. C++ Code\Graphic Lib\NFont\SDL_FontCache.c(2596,57): warning C4244: 'función': conversión de 'int' a 'float'; posible pérdida de datos
C:\Users\1002245\OneDrive - Computer Vision Center\MP\Curs2020-21\Repositori\Practica\intro_segona_entrega\Segona entrega\0. C++ Code\Graphic Lib\NFont\SDL_FontCache.c(2596,68): warning C4244: 'función': conversión de 'int' a 'float'; posible pérdida de datos
C:\Users\1002245\OneDrive - Computer Vision Center\MP\Curs2020-21\Repositori\Practica\intro_segona_entrega\Segona entrega\0. C++ Code\Graphic Lib\NFont\SDL_FontCache.c(2596,87): warning C4244: 'función': conversión de 'int' a 'float'; posible pérdida de datos
C:\Users\1002245\OneDrive - Computer Vision Center\MP\Curs2020-21\Repositori\Practica\intro_segona_entrega\Segona entrega\0. C++ Code\Graphic Lib\NFont\SDL_FontCache.c(2596,106): warning C4244: 'función': conversión de 'int' a 'float'; posible pérdida de datos
  MP_Practica.vcxproj -> C:\Users\1002245\OneDrive - Computer Vision Center\MP\Curs2020-21\Repositori\Practica\intro_segona_entrega\Segona entrega\2. Platforms\0. Windows Desktop\Program\MP_Practica.exe
